<?xml version="1.0" encoding="UTF-8"?>
<!-- Generated by org.testng.reporters.JUnitReportReporter -->
<testsuite hostname="DESKTOP-V773E8K" failures="0" tests="1" name="flashcart.admin.CreateUserTest" time="19.833" errors="0" timestamp="2023-03-08T16:50:17 IST" skipped="0">
  <testcase classname="flashcart.admin.CreateUserTest" name="Order" time="19.833"/>
  <system-out/>
</testsuite> <!-- flashcart.admin.CreateUserTest -->
