<?xml version="1.0" encoding="UTF-8"?>
<!-- Generated by org.testng.reporters.JUnitReportReporter -->
<testsuite hostname="DESKTOP-V773E8K" failures="0" tests="1" name="flashcart.user.OrderTest" time="19.355" errors="0" timestamp="2023-03-08T16:50:17 IST" skipped="0">
  <testcase classname="flashcart.user.OrderTest" name="Order" time="19.355"/>
  <system-out/>
</testsuite> <!-- flashcart.user.OrderTest -->
