<?xml version="1.0" encoding="UTF-8"?>
<!-- Generated by org.testng.reporters.JUnitReportReporter -->
<testsuite hostname="DESKTOP-V773E8K" failures="0" tests="1" name="practice.TestNgPractice" time="0.026" errors="0" timestamp="2023-02-22T12:26:34 IST" skipped="0">
  <testcase classname="practice.TestNgPractice" name="test" time="0.026"/>
  <system-out/>
</testsuite> <!-- practice.TestNgPractice -->
