<?xml version="1.0" encoding="UTF-8"?>
<!-- Generated by org.testng.reporters.JUnitReportReporter -->
<testsuite hostname="DESKTOP-V773E8K" failures="0" tests="1" name="flashcart.user.Order" time="29.212" errors="0" timestamp="2023-03-03T18:41:47 IST" skipped="0">
  <testcase classname="flashcart.user.Order" name="Order" time="29.212"/>
  <system-out/>
</testsuite> <!-- flashcart.user.Order -->
