<?xml version="1.0" encoding="UTF-8"?>
<!-- Generated by org.testng.reporters.JUnitReportReporter -->
<testsuite hostname="DESKTOP-V773E8K" failures="0" tests="1" name="flashcart.admin.CreateUserTest" time="28.778" errors="0" timestamp="2023-03-07T15:55:53 IST" skipped="0">
  <testcase classname="flashcart.admin.CreateUserTest" name="Order" time="28.778"/>
  <system-out/>
</testsuite> <!-- flashcart.admin.CreateUserTest -->
