<?xml version="1.0" encoding="UTF-8"?>
<!-- Generated by org.testng.reporters.JUnitReportReporter -->
<testsuite hostname="DESKTOP-V773E8K" failures="0" tests="4" name="TestNg.SingleArrayDataprovider" time="0.028" errors="0" timestamp="2023-02-24T12:04:39 IST" skipped="0">
  <testcase classname="TestNg.SingleArrayDataprovider" name="test" time="0.003"/>
  <system-out/>
  <testcase classname="TestNg.SingleArrayDataprovider" name="test" time="0.014"/>
  <system-out/>
  <testcase classname="TestNg.SingleArrayDataprovider" name="test" time="0.006"/>
  <system-out/>
  <testcase classname="TestNg.SingleArrayDataprovider" name="test" time="0.005"/>
  <system-out/>
</testsuite> <!-- TestNg.SingleArrayDataprovider -->
