<?xml version="1.0" encoding="UTF-8"?>
<!-- Generated by org.testng.reporters.JUnitReportReporter -->
<testsuite hostname="DESKTOP-V773E8K" failures="0" tests="1" name="TestNg.Test2" time="0.007" errors="0" timestamp="2023-02-22T23:57:12 IST" skipped="0">
  <testcase classname="TestNg.Test2" name="test" time="0.007"/>
  <system-out/>
</testsuite> <!-- TestNg.Test2 -->
