<?xml version="1.0" encoding="UTF-8"?>
<!-- Generated by org.testng.reporters.JUnitReportReporter -->
<testsuite hostname="DESKTOP-V773E8K" failures="0" tests="1" name="practiceconcept.EcodeAndDecode" time="0.027" errors="0" timestamp="2023-02-27T10:19:08 IST" skipped="0">
  <testcase classname="practiceconcept.EcodeAndDecode" name="encode" time="0.027"/>
  <system-out/>
</testsuite> <!-- practiceconcept.EcodeAndDecode -->
