<?xml version="1.0" encoding="UTF-8"?>
<!-- Generated by org.testng.reporters.JUnitReportReporter -->
<testsuite hostname="DESKTOP-V773E8K" failures="0" tests="1" name="TestNg.Test1" time="0.015" errors="0" timestamp="2023-02-22T23:57:12 IST" skipped="0">
  <testcase classname="TestNg.Test1" name="test" time="0.015"/>
  <system-out/>
</testsuite> <!-- TestNg.Test1 -->
