<?xml version="1.0" encoding="UTF-8"?>
<!-- Generated by org.testng.reporters.JUnitReportReporter -->
<testsuite hostname="DESKTOP-V773E8K" failures="0" tests="1" name="flashcart.user.WhishList" time="16.555" errors="0" timestamp="2023-03-03T15:50:13 IST" skipped="0">
  <testcase classname="flashcart.user.WhishList" name="wishList" time="16.555"/>
  <system-out/>
</testsuite> <!-- flashcart.user.WhishList -->
