<?xml version="1.0" encoding="UTF-8"?>
<!-- Generated by org.testng.reporters.JUnitReportReporter -->
<testsuite hostname="DESKTOP-V773E8K" failures="0" tests="3" name="TestNg.IncludeExclude" time="0.025" errors="0" timestamp="2023-02-27T12:57:08 IST" skipped="0">
  <testcase classname="TestNg.IncludeExclude" name="tes4" time="0.003"/>
  <system-out/>
  <testcase classname="TestNg.IncludeExclude" name="test1" time="0.005"/>
  <system-out/>
  <testcase classname="TestNg.IncludeExclude" name="tes2" time="0.017"/>
  <system-out/>
</testsuite> <!-- TestNg.IncludeExclude -->
