<?xml version="1.0" encoding="UTF-8"?>
<!-- Generated by org.testng.reporters.JUnitReportReporter -->
<testsuite hostname="DESKTOP-V773E8K" failures="0" tests="1" name="TestNg.Test3" time="0.024" errors="0" timestamp="2023-02-23T12:22:27 IST" skipped="0">
  <testcase classname="TestNg.Test3" name="test" time="0.024"/>
  <system-out/>
</testsuite> <!-- TestNg.Test3 -->
