<?xml version="1.0" encoding="UTF-8"?>
<!-- Generated by org.testng.reporters.JUnitReportReporter -->
<testsuite hostname="DESKTOP-V773E8K" failures="0" tests="3" name="TestNg.multipleDataProvider" time="0.033" errors="0" timestamp="2023-02-24T12:49:38 IST" skipped="0">
  <testcase classname="TestNg.multipleDataProvider" name="test" time="0.013"/>
  <system-out/>
  <testcase classname="TestNg.multipleDataProvider" name="test" time="0.016"/>
  <system-out/>
  <testcase classname="TestNg.multipleDataProvider" name="test" time="0.004"/>
  <system-out/>
</testsuite> <!-- TestNg.multipleDataProvider -->
